Feb 27, 2025 2:16:50 AM src.BullsAndCows start
INFO: Игра началась           TIME: 20250227_021650
Feb 27, 2025 2:18:48 AM src.BullsAndCows start
INFO: Игрок выбрал длину числа: 3
Feb 27, 2025 2:18:48 AM src.BullsAndCows start
INFO: Секретное число сгенерировано: [1, 3, 5]
Feb 27, 2025 2:19:05 AM src.BullsAndCows start
INFO: Игрок ввел: 432
Feb 27, 2025 2:19:08 AM src.BullsAndCows start
INFO: Игрок ввел: 123
Feb 27, 2025 2:19:13 AM src.BullsAndCows start
INFO: Игрок ввел: 675
Feb 27, 2025 2:19:21 AM src.BullsAndCows start
INFO: Игрок ввел: 135
Feb 27, 2025 2:19:21 AM src.BullsAndCows start
INFO: Игрок угадал число
Feb 27, 2025 2:19:32 AM src.BullsAndCows start
INFO: Игрок выбрал длину числа: 3
Feb 27, 2025 2:19:32 AM src.BullsAndCows start
INFO: Секретное число сгенерировано: [8, 4, 5]
Feb 27, 2025 2:19:34 AM src.BullsAndCows start
WARNING: Ошибка ввода: Длина вашего числа не соответствует длине угадываемого
Mar 02, 2025 2:18:49 PM src.BullsAndCows start
INFO: Игрок выбрал длину числа: 3
Mar 02, 2025 2:18:49 PM src.BullsAndCows start
INFO: Секретное число сгенерировано: [4, 2, 9]
Mar 02, 2025 2:36:49 PM src.BullsAndCows start
INFO: Игрок выбрал длину числа: 3
Mar 02, 2025 2:36:49 PM src.BullsAndCows start
INFO: Секретное число сгенерировано: [1, 3, 4]
Mar 02, 2025 2:36:50 PM src.BullsAndCows start
INFO: Игрок ввел: 342
Mar 02, 2025 2:36:51 PM src.BullsAndCows start
INFO: Игрок ввел: 342
Mar 02, 2025 2:36:52 PM src.BullsAndCows start
INFO: Игрок ввел: 342
Mar 02, 2025 2:36:53 PM src.BullsAndCows start
INFO: Игрок ввел: 342
Mar 02, 2025 2:36:54 PM src.BullsAndCows start
INFO: Игрок ввел: 342
Mar 02, 2025 2:36:55 PM src.BullsAndCows start
INFO: Игрок ввел: 342
Mar 02, 2025 2:36:56 PM src.BullsAndCows start
INFO: Игрок ввел: 342
Mar 02, 2025 2:36:57 PM src.BullsAndCows start
INFO: Игрок ввел: 342
Mar 02, 2025 2:36:58 PM src.BullsAndCows start
INFO: Игрок ввел: 342
Mar 02, 2025 2:36:59 PM src.BullsAndCows start
INFO: Игрок ввел: 342
Mar 02, 2025 2:36:59 PM src.BullsAndCows start
INFO: Игрок исчерпал попытки. Секретное число: [1, 3, 4]
Mar 02, 2025 2:38:20 PM src.BullsAndCows start
INFO: Игрок выбрал длину числа: 3
Mar 02, 2025 2:38:20 PM src.BullsAndCows start
INFO: Секретное число сгенерировано: [6, 2, 9]
Mar 02, 2025 2:38:20 PM src.BullsAndCows start
INFO: Игрок ввел: 342
Mar 02, 2025 2:38:20 PM src.BullsAndCows start
INFO: Игрок ввел: 342
Mar 02, 2025 2:38:20 PM src.BullsAndCows start
INFO: Игрок ввел: 342
Mar 02, 2025 2:38:20 PM src.BullsAndCows start
INFO: Игрок ввел: 342
Mar 02, 2025 2:38:20 PM src.BullsAndCows start
INFO: Игрок ввел: 342
Mar 02, 2025 2:38:20 PM src.BullsAndCows start
INFO: Игрок ввел: 342
Mar 02, 2025 2:38:20 PM src.BullsAndCows start
INFO: Игрок ввел: 342
Mar 02, 2025 2:38:20 PM src.BullsAndCows start
INFO: Игрок ввел: 342
Mar 02, 2025 2:38:20 PM src.BullsAndCows start
INFO: Игрок ввел: 342
Mar 02, 2025 2:38:20 PM src.BullsAndCows start
INFO: Игрок ввел: 342
Mar 02, 2025 2:38:20 PM src.BullsAndCows start
INFO: Игрок исчерпал попытки. Секретное число: [6, 2, 9]
Mar 02, 2025 2:39:16 PM src.BullsAndCows start
INFO: Игрок выбрал длину числа: 3
Mar 02, 2025 2:39:17 PM src.BullsAndCows start
INFO: Секретное число сгенерировано: [9, 3, 1]
Mar 02, 2025 2:40:03 PM src.BullsAndCows start
INFO: Игрок ввел: 342
Mar 02, 2025 2:40:03 PM src.BullsAndCows start
INFO: Игрок ввел: 342
Mar 02, 2025 2:40:13 PM src.BullsAndCows start
INFO: Игрок выбрал длину числа: 3
Mar 02, 2025 2:40:13 PM src.BullsAndCows start
INFO: Секретное число сгенерировано: [2, 1, 8]
Mar 02, 2025 2:40:32 PM src.BullsAndCows start
INFO: Игрок ввел: 342
Mar 02, 2025 2:40:41 PM src.BullsAndCows start
INFO: Игрок выбрал длину числа: 3
Mar 02, 2025 2:40:41 PM src.BullsAndCows start
INFO: Секретное число сгенерировано: [6, 2, 5]
Mar 02, 2025 2:40:48 PM src.BullsAndCows start
INFO: Игрок ввел: 123
Mar 02, 2025 2:41:07 PM src.BullsAndCows start
INFO: Игрок выбрал длину числа: 3
Mar 02, 2025 2:41:07 PM src.BullsAndCows start
INFO: Секретное число сгенерировано: [8, 4, 1]
Mar 02, 2025 2:41:31 PM src.BullsAndCows start
INFO: Игрок ввел: 123
Mar 02, 2025 2:42:10 PM src.BullsAndCows start
INFO: Игрок выбрал длину числа: 3
Mar 02, 2025 2:42:10 PM src.BullsAndCows start
INFO: Секретное число сгенерировано: [8, 4, 6]
Mar 02, 2025 2:42:15 PM src.BullsAndCows start
INFO: Игрок ввел: 342
Mar 02, 2025 2:42:17 PM src.BullsAndCows start
INFO: Игрок ввел: 123
Mar 02, 2025 2:42:22 PM src.BullsAndCows start
INFO: Игрок ввел: 342
Mar 02, 2025 2:48:59 PM src.BullsAndCows start
INFO: Игрок выбрал длину числа: 3
Mar 02, 2025 2:48:59 PM src.BullsAndCows start
INFO: Секретное число сгенерировано: [9, 2, 3]
Mar 02, 2025 2:49:02 PM src.BullsAndCows start
INFO: Игрок ввел: 923
Mar 02, 2025 2:49:02 PM src.BullsAndCows start
INFO: Игрок угадал число
Mar 02, 2025 2:53:30 PM src.BullsAndCows start
INFO: Игрок выбрал длину числа: 3
Mar 02, 2025 2:53:30 PM src.BullsAndCows start
INFO: Секретное число сгенерировано: [9, 6, 1]
Mar 02, 2025 2:53:31 PM src.BullsAndCows start
INFO: Игрок ввел: 342
Mar 02, 2025 2:53:31 PM src.BullsAndCows start
INFO: Игрок ввел: 342
Mar 02, 2025 2:53:32 PM src.BullsAndCows start
INFO: Игрок ввел: 342
Mar 02, 2025 2:53:32 PM src.BullsAndCows start
INFO: Игрок ввел: 342
Mar 02, 2025 2:53:33 PM src.BullsAndCows start
INFO: Игрок ввел: 342
Mar 02, 2025 2:53:33 PM src.BullsAndCows start
INFO: Игрок ввел: 342
Mar 02, 2025 2:53:34 PM src.BullsAndCows start
INFO: Игрок ввел: 342
Mar 02, 2025 2:53:34 PM src.BullsAndCows start
INFO: Игрок ввел: 342
Mar 02, 2025 2:53:55 PM src.BullsAndCows start
INFO: Игрок выбрал длину числа: 3
Mar 02, 2025 2:53:55 PM src.BullsAndCows start
INFO: Секретное число сгенерировано: [6, 4, 9]
Mar 02, 2025 2:57:24 PM src.BullsAndCows start
INFO: Игрок выбрал длину числа: 3
Mar 02, 2025 2:57:24 PM src.BullsAndCows start
INFO: Секретное число сгенерировано: [8, 6, 3]
Mar 02, 2025 2:57:25 PM src.BullsAndCows start
INFO: Время вышло. Игра завершена.
Mar 02, 2025 3:12:47 PM src.BullsAndCows start
INFO: Игрок выбрал длину числа: 3
Mar 02, 2025 3:12:47 PM src.BullsAndCows start
INFO: Секретное число сгенерировано: [2, 3, 5]
Mar 02, 2025 3:12:48 PM src.BullsAndCows start
INFO: Время вышло. Игра завершена.
Mar 02, 2025 3:13:26 PM src.BullsAndCows start
INFO: Игрок выбрал длину числа: 3
Mar 02, 2025 3:13:26 PM src.BullsAndCows start
INFO: Секретное число сгенерировано: [6, 3, 5]
Mar 02, 2025 3:13:36 PM src.BullsAndCows start
INFO: Время вышло. Игра завершена.
Mar 03, 2025 2:12:14 PM src.BullsAndCows start
INFO: Игрок выбрал длину числа: 3
Mar 03, 2025 2:12:14 PM src.BullsAndCows start
INFO: Секретное число сгенерировано: [6, 2, 4]
Mar 03, 2025 2:12:16 PM src.BullsAndCows start
INFO: Игрок ввел: 123
Mar 03, 2025 2:12:18 PM src.BullsAndCows start
INFO: Игрок ввел: 213
Mar 03, 2025 2:12:28 PM src.BullsAndCows start
INFO: Время вышло. Игра завершена.
Mar 03, 2025 2:12:43 PM src.BullsAndCows start
INFO: Игрок выбрал длину числа: 3
Mar 03, 2025 2:12:44 PM src.BullsAndCows start
INFO: Секретное число сгенерировано: [7, 1, 9]
Mar 03, 2025 2:12:53 PM src.BullsAndCows start
WARNING: Ошибка ввода: Длина вашего числа не соответствует длине угадываемого
Mar 03, 2025 2:12:54 PM src.BullsAndCows start
INFO: Игрок ввел: 123
Mar 03, 2025 2:13:00 PM src.BullsAndCows start
WARNING: Ошибка ввода: Длина вашего числа не соответствует длине угадываемого
Mar 03, 2025 2:13:01 PM src.BullsAndCows start
INFO: Игрок ввел: 123
Mar 03, 2025 2:13:06 PM src.BullsAndCows start
INFO: Игрок ввел: 719
Mar 03, 2025 2:13:06 PM src.BullsAndCows start
INFO: Игрок угадал число
Mar 03, 2025 2:17:11 PM src.BullsAndCows setSecretNum
INFO: Установлено секретное число: [1, 2, 3, 4]
Mar 03, 2025 2:17:11 PM src.BullsAndCows setSecretNum
INFO: Установлено секретное число: [1, 2, 3, 4]
Mar 03, 2025 2:17:11 PM src.BullsAndCows setSecretNum
INFO: Установлено секретное число: [1, 2, 3, 4]
Mar 03, 2025 2:50:34 PM src.BullsAndCows setSecretNum
INFO: Установлено секретное число: [1, 2, 3, 4]
Mar 03, 2025 2:50:34 PM src.BullsAndCows setSecretNum
INFO: Установлено секретное число: [1, 2, 3, 4]
Mar 03, 2025 2:50:34 PM src.BullsAndCows setSecretNum
INFO: Установлено секретное число: [1, 2, 3, 4]
Mar 03, 2025 2:54:17 PM src.BullsAndCows start
INFO: Игрок выбрал длину числа: 3
Mar 03, 2025 2:54:17 PM src.BullsAndCows start
INFO: Секретное число сгенерировано: [4, 1, 5]
Mar 03, 2025 2:54:18 PM src.BullsAndCows start
INFO: Игрок ввел: 123
Mar 03, 2025 2:54:21 PM src.BullsAndCows start
INFO: Игрок ввел: 231
Mar 03, 2025 2:54:26 PM src.BullsAndCows start
INFO: Игрок ввел: 547
Mar 03, 2025 2:54:36 PM src.BullsAndCows start
INFO: Время вышло. Игра завершена.
Mar 03, 2025 3:30:49 PM src.BullsAndCows start
INFO: Игрок выбрал длину числа: 3
Mar 03, 2025 3:30:49 PM src.BullsAndCows start
INFO: Секретное число сгенерировано: [7, 5, 9]
Mar 03, 2025 3:30:51 PM src.BullsAndCows start
INFO: Игрок ввел: 321
Mar 02, 2025 3:14:07 PM src.BullsAndCows setSecretNum
INFO: Установлено секретное число: [1, 2, 3, 4]
Mar 02, 2025 3:14:07 PM src.BullsAndCows setSecretNum
INFO: Установлено секретное число: [1, 2, 3, 4]
Mar 02, 2025 3:14:07 PM src.BullsAndCows setSecretNum
INFO: Установлено секретное число: [1, 2, 3, 4]
Mar 03, 2025 3:53:39 PM src.BullsAndCows start
INFO: Игрок выбрал длину числа: 3
Mar 03, 2025 3:53:39 PM src.BullsAndCows start
INFO: Секретное число сгенерировано: [3, 4, 8]
Mar 03, 2025 3:53:40 PM src.BullsAndCows start
WARNING: Ошибка ввода: Ввод содержит повторяющиеся цифры
Mar 03, 2025 3:53:42 PM src.BullsAndCows start
INFO: Игрок ввел: 134
Mar 03, 2025 4:04:08 PM src.BullsAndCows start
INFO: Игрок выбрал длину числа: 3
Mar 03, 2025 4:04:08 PM src.BullsAndCows start
INFO: Секретное число сгенерировано: [5, 8, 6]
Mar 03, 2025 4:04:10 PM src.BullsAndCows start
INFO: Игрок ввел: 123
Mar 03, 2025 4:24:32 PM src.BullsAndCows start
INFO: Игрок выбрал длину числа: 3
Mar 03, 2025 4:24:32 PM src.BullsAndCows start
INFO: Секретное число сгенерировано: [4, 6, 1]
Mar 03, 2025 4:24:34 PM src.BullsAndCows start
INFO: Игрок ввел: 123
Mar 03, 2025 4:53:44 PM src.BullsAndCows setSecretNum
INFO: Установлено секретное число: [1, 2, 3, 4]
Mar 03, 2025 4:53:44 PM src.BullsAndCows setSecretNum
INFO: Установлено секретное число: [1, 2, 3, 4]
Mar 03, 2025 4:53:44 PM src.BullsAndCows setSecretNum
INFO: Установлено секретное число: [1, 2, 3, 4]
Apr 01, 2025 2:46:27 PM src.BullsAndCows setSecretNum
INFO: Установлено секретное число: [1, 2, 3, 4]
Apr 01, 2025 2:46:27 PM src.BullsAndCows setSecretNum
INFO: Установлено секретное число: [1, 2, 3, 4]
Apr 01, 2025 2:46:27 PM src.BullsAndCows setSecretNum
INFO: Установлено секретное число: [1, 2, 3, 4]
